Arguments: 
  /usr/local/bin/node /usr/local/bin/yarn add mysql

PATH: 
  /Library/Frameworks/Python.framework/Versions/3.5/bin:/opt/local/bin:/opt/local/sbin:/Library/Frameworks/Python.framework/Versions/2.7/bin:/Library/Frameworks/Python.framework/Versions/2.7/bin:/usr/local/bin:/usr/bin:/bin:/usr/sbin:/sbin:/opt/X11/bin:/Library/Frameworks/Mono.framework/Versions/Current/Commands:/Library/TeX/texbin:/usr/local/mysql/bin

Yarn version: 
  0.21.3

Node version: 
  6.9.5

Platform: 
  darwin x64

npm manifest: 
  {
    "dependencies": {
      "body-parser": "^1.17.1",
      "cookie-parser": "^1.4.3",
      "cors": "^2.8.3",
      "ejs": "^2.5.6",
      "express": "^4.15.2",
      "express-session": "^1.15.2",
      "gulp": "^3.9.1",
      "gulp-develop-server": "^0.5.2"
    },
    "name": "library-end",
    "version": "1.0.0",
    "main": "index.js",
    "devDependencies": {},
    "scripts": {
      "start": "node src/app/server.js",
      "test": "echo \"Error: no test specified\" && exit 1"
    },
    "repository": {
      "type": "git",
      "url": "git+https://github.com/CPYcpyCPY/library-end.git"
    },
    "author": "",
    "license": "ISC",
    "bugs": {
      "url": "https://github.com/CPYcpyCPY/library-end/issues"
    },
    "homepage": "https://github.com/CPYcpyCPY/library-end#readme",
    "description": ""
  }

yarn manifest: 
  No manifest

Lockfile: 
  # THIS IS AN AUTOGENERATED FILE. DO NOT EDIT THIS FILE DIRECTLY.
  # yarn lockfile v1
  
  
  accepts@~1.3.3:
    version "1.3.3"
    resolved "http://r.cnpmjs.org/accepts/download/accepts-1.3.3.tgz#c3ca7434938648c3e0d9c1e328dd68b622c284ca"
    dependencies:
      mime-types "~2.1.11"
      negotiator "0.6.1"
  
  ansi-regex@^2.0.0:
    version "2.1.1"
    resolved "http://r.cnpmjs.org/ansi-regex/download/ansi-regex-2.1.1.tgz#c3b33ab5ee360d86e0e628f0468ae7ef27d654df"
  
  ansi-styles@^2.2.1:
    version "2.2.1"
    resolved "http://r.cnpmjs.org/ansi-styles/download/ansi-styles-2.2.1.tgz#b432dd3358b634cf75e1e4664368240533c1ddbe"
  
  archy@^1.0.0:
    version "1.0.0"
    resolved "http://r.cnpmjs.org/archy/download/archy-1.0.0.tgz#f9c8c13757cc1dd7bc379ac77b2c62a5c2868c40"
  
  arr-diff@^2.0.0:
    version "2.0.0"
    resolved "http://r.cnpmjs.org/arr-diff/download/arr-diff-2.0.0.tgz#8f3b827f955a8bd669697e4a4256ac3ceae356cf"
    dependencies:
      arr-flatten "^1.0.1"
  
  arr-flatten@^1.0.1:
    version "1.0.3"
    resolved "http://r.cnpmjs.org/arr-flatten/download/arr-flatten-1.0.3.tgz#a274ed85ac08849b6bd7847c4580745dc51adfb1"
  
  array-differ@^1.0.0:
    version "1.0.0"
    resolved "http://r.cnpmjs.org/array-differ/download/array-differ-1.0.0.tgz#eff52e3758249d33be402b8bb8e564bb2b5d4031"
  
  array-flatten@1.1.1:
    version "1.1.1"
    resolved "http://r.cnpmjs.org/array-flatten/download/array-flatten-1.1.1.tgz#9a5f699051b1e7073328f2a008968b64ea2955d2"
  
  array-uniq@^1.0.2:
    version "1.0.3"
    resolved "http://r.cnpmjs.org/array-uniq/download/array-uniq-1.0.3.tgz#af6ac877a25cc7f74e058894753858dfdb24fdb6"
  
  array-unique@^0.2.1:
    version "0.2.1"
    resolved "http://r.cnpmjs.org/array-unique/download/array-unique-0.2.1.tgz#a1d97ccafcbc2625cc70fadceb36a50c58b01a53"
  
  balanced-match@^0.4.1:
    version "0.4.2"
    resolved "http://r.cnpmjs.org/balanced-match/download/balanced-match-0.4.2.tgz#cb3f3e3c732dc0f01ee70b403f302e61d7709838"
  
  beeper@^1.0.0:
    version "1.1.1"
    resolved "http://r.cnpmjs.org/beeper/download/beeper-1.1.1.tgz#e6d5ea8c5dad001304a70b22638447f69cb2f809"
  
  body-parser@^1.17.1:
    version "1.17.1"
    resolved "http://r.cnpmjs.org/body-parser/download/body-parser-1.17.1.tgz#75b3bc98ddd6e7e0d8ffe750dfaca5c66993fa47"
    dependencies:
      bytes "2.4.0"
      content-type "~1.0.2"
      debug "2.6.1"
      depd "~1.1.0"
      http-errors "~1.6.1"
      iconv-lite "0.4.15"
      on-finished "~2.3.0"
      qs "6.4.0"
      raw-body "~2.2.0"
      type-is "~1.6.14"
  
  brace-expansion@^1.0.0:
    version "1.1.7"
    resolved "http://r.cnpmjs.org/brace-expansion/download/brace-expansion-1.1.7.tgz#3effc3c50e000531fb720eaff80f0ae8ef23cf59"
    dependencies:
      balanced-match "^0.4.1"
      concat-map "0.0.1"
  
  braces@^1.8.2:
    version "1.8.5"
    resolved "http://r.cnpmjs.org/braces/download/braces-1.8.5.tgz#ba77962e12dff969d6b76711e914b737857bf6a7"
    dependencies:
      expand-range "^1.8.1"
      preserve "^0.2.0"
      repeat-element "^1.1.2"
  
  buffer-shims@~1.0.0:
    version "1.0.0"
    resolved "http://r.cnpmjs.org/buffer-shims/download/buffer-shims-1.0.0.tgz#9978ce317388c649ad8793028c3477ef044a8b51"
  
  bytes@2.4.0:
    version "2.4.0"
    resolved "http://r.cnpmjs.org/bytes/download/bytes-2.4.0.tgz#7d97196f9d5baf7f6935e25985549edd2a6c2339"
  
  chalk@^1.0.0, chalk@^1.1.1:
    version "1.1.3"
    resolved "http://r.cnpmjs.org/chalk/download/chalk-1.1.3.tgz#a8115c55e4a702fe4d150abd3872822a7e09fc98"
    dependencies:
      ansi-styles "^2.2.1"
      escape-string-regexp "^1.0.2"
      has-ansi "^2.0.0"
      strip-ansi "^3.0.0"
      supports-color "^2.0.0"
  
  clone-stats@^0.0.1:
    version "0.0.1"
    resolved "http://r.cnpmjs.org/clone-stats/download/clone-stats-0.0.1.tgz#b88f94a82cf38b8791d58046ea4029ad88ca99d1"
  
  clone@^0.2.0:
    version "0.2.0"
    resolved "http://r.cnpmjs.org/clone/download/clone-0.2.0.tgz#c6126a90ad4f72dbf5acdb243cc37724fe93fc1f"
  
  clone@^1.0.0, clone@^1.0.2:
    version "1.0.2"
    resolved "http://r.cnpmjs.org/clone/download/clone-1.0.2.tgz#260b7a99ebb1edfe247538175f783243cb19d149"
  
  concat-map@0.0.1:
    version "0.0.1"
    resolved "http://r.cnpmjs.org/concat-map/download/concat-map-0.0.1.tgz#d8a96bd77fd68df7793a73036a3ba0d5405d477b"
  
  content-disposition@0.5.2:
    version "0.5.2"
    resolved "http://r.cnpmjs.org/content-disposition/download/content-disposition-0.5.2.tgz#0cf68bb9ddf5f2be7961c3a85178cb85dba78cb4"
  
  content-type@~1.0.2:
    version "1.0.2"
    resolved "http://r.cnpmjs.org/content-type/download/content-type-1.0.2.tgz#b7d113aee7a8dd27bd21133c4dc2529df1721eed"
  
  cookie-parser@^1.4.3:
    version "1.4.3"
    resolved "http://r.cnpmjs.org/cookie-parser/download/cookie-parser-1.4.3.tgz#0fe31fa19d000b95f4aadf1f53fdc2b8a203baa5"
    dependencies:
      cookie "0.3.1"
      cookie-signature "1.0.6"
  
  cookie-signature@1.0.6:
    version "1.0.6"
    resolved "http://r.cnpmjs.org/cookie-signature/download/cookie-signature-1.0.6.tgz#e303a882b342cc3ee8ca513a79999734dab3ae2c"
  
  cookie@0.3.1:
    version "0.3.1"
    resolved "http://r.cnpmjs.org/cookie/download/cookie-0.3.1.tgz#e7e0a1f9ef43b4c8ba925c5c5a96e806d16873bb"
  
  core-util-is@~1.0.0:
    version "1.0.2"
    resolved "http://r.cnpmjs.org/core-util-is/download/core-util-is-1.0.2.tgz#b5fd54220aa2bc5ab57aab7140c940754503c1a7"
  
  cors@^2.8.3:
    version "2.8.3"
    resolved "http://r.cnpmjs.org/cors/download/cors-2.8.3.tgz#4cf78e1d23329a7496b2fc2225b77ca5bb5eb802"
    dependencies:
      object-assign "^4"
      vary "^1"
  
  crc@3.4.4:
    version "3.4.4"
    resolved "http://r.cnpmjs.org/crc/download/crc-3.4.4.tgz#9da1e980e3bd44fc5c93bf5ab3da3378d85e466b"
  
  dateformat@^2.0.0:
    version "2.0.0"
    resolved "http://r.cnpmjs.org/dateformat/download/dateformat-2.0.0.tgz#2743e3abb5c3fc2462e527dca445e04e9f4dee17"
  
  debug@2.6.1:
    version "2.6.1"
    resolved "http://r.cnpmjs.org/debug/download/debug-2.6.1.tgz#79855090ba2c4e3115cc7d8769491d58f0491351"
    dependencies:
      ms "0.7.2"
  
  debug@2.6.3:
    version "2.6.3"
    resolved "http://r.cnpmjs.org/debug/download/debug-2.6.3.tgz#0f7eb8c30965ec08c72accfa0130c8b79984141d"
    dependencies:
      ms "0.7.2"
  
  defaults@^1.0.0:
    version "1.0.3"
    resolved "http://r.cnpmjs.org/defaults/download/defaults-1.0.3.tgz#c656051e9817d9ff08ed881477f3fe4019f3ef7d"
    dependencies:
      clone "^1.0.2"
  
  depd@1.1.0, depd@~1.1.0:
    version "1.1.0"
    resolved "http://r.cnpmjs.org/depd/download/depd-1.1.0.tgz#e1bd82c6aab6ced965b97b88b17ed3e528ca18c3"
  
  deprecated@^0.0.1:
    version "0.0.1"
    resolved "http://r.cnpmjs.org/deprecated/download/deprecated-0.0.1.tgz#f9c9af5464afa1e7a971458a8bdef2aa94d5bb19"
  
  destroy@~1.0.4:
    version "1.0.4"
    resolved "http://r.cnpmjs.org/destroy/download/destroy-1.0.4.tgz#978857442c44749e4206613e37946205826abd80"
  
  detect-file@^0.1.0:
    version "0.1.0"
    resolved "http://r.cnpmjs.org/detect-file/download/detect-file-0.1.0.tgz#4935dedfd9488648e006b0129566e9386711ea63"
    dependencies:
      fs-exists-sync "^0.1.0"
  
  duplexer2@0.0.2:
    version "0.0.2"
    resolved "http://r.cnpmjs.org/duplexer2/download/duplexer2-0.0.2.tgz#c614dcf67e2fb14995a91711e5a617e8a60a31db"
    dependencies:
      readable-stream "~1.1.9"
  
  ee-first@1.1.1:
    version "1.1.1"
    resolved "http://r.cnpmjs.org/ee-first/download/ee-first-1.1.1.tgz#590c61156b0ae2f4f0255732a158b266bc56b21d"
  
  encodeurl@~1.0.1:
    version "1.0.1"
    resolved "http://r.cnpmjs.org/encodeurl/download/encodeurl-1.0.1.tgz#79e3d58655346909fe6f0f45a5de68103b294d20"
  
  end-of-stream@~0.1.5:
    version "0.1.5"
    resolved "http://r.cnpmjs.org/end-of-stream/download/end-of-stream-0.1.5.tgz#8e177206c3c80837d85632e8b9359dfe8b2f6eaf"
    dependencies:
      once "~1.3.0"
  
  escape-html@~1.0.3:
    version "1.0.3"
    resolved "http://r.cnpmjs.org/escape-html/download/escape-html-1.0.3.tgz#0258eae4d3d0c0974de1c169188ef0051d1d1988"
  
  escape-string-regexp@^1.0.2:
    version "1.0.5"
    resolved "http://r.cnpmjs.org/escape-string-regexp/download/escape-string-regexp-1.0.5.tgz#1b61c0562190a8dff6ae3bb2cf0200ca130b86d4"
  
  etag@~1.8.0:
    version "1.8.0"
    resolved "http://r.cnpmjs.org/etag/download/etag-1.8.0.tgz#6f631aef336d6c46362b51764044ce216be3c051"
  
  expand-brackets@^0.1.4:
    version "0.1.5"
    resolved "http://r.cnpmjs.org/expand-brackets/download/expand-brackets-0.1.5.tgz#df07284e342a807cd733ac5af72411e581d1177b"
    dependencies:
      is-posix-bracket "^0.1.0"
  
  expand-range@^1.8.1:
    version "1.8.2"
    resolved "http://r.cnpmjs.org/expand-range/download/expand-range-1.8.2.tgz#a299effd335fe2721ebae8e257ec79644fc85337"
    dependencies:
      fill-range "^2.1.0"
  
  expand-tilde@^1.2.1, expand-tilde@^1.2.2:
    version "1.2.2"
    resolved "http://r.cnpmjs.org/expand-tilde/download/expand-tilde-1.2.2.tgz#0b81eba897e5a3d31d1c3d102f8f01441e559449"
    dependencies:
      os-homedir "^1.0.1"
  
  express-session@^1.15.2:
    version "1.15.2"
    resolved "http://r.cnpmjs.org/express-session/download/express-session-1.15.2.tgz#d98516443a4ccb8688e1725ae584c02daa4093d4"
    dependencies:
      cookie "0.3.1"
      cookie-signature "1.0.6"
      crc "3.4.4"
      debug "2.6.3"
      depd "~1.1.0"
      on-headers "~1.0.1"
      parseurl "~1.3.1"
      uid-safe "~2.1.4"
      utils-merge "1.0.0"
  
  express@^4.15.2:
    version "4.15.2"
    resolved "http://r.cnpmjs.org/express/download/express-4.15.2.tgz#af107fc148504457f2dca9a6f2571d7129b97b35"
    dependencies:
      accepts "~1.3.3"
      array-flatten "1.1.1"
      content-disposition "0.5.2"
      content-type "~1.0.2"
      cookie "0.3.1"
      cookie-signature "1.0.6"
      debug "2.6.1"
      depd "~1.1.0"
      encodeurl "~1.0.1"
      escape-html "~1.0.3"
      etag "~1.8.0"
      finalhandler "~1.0.0"
      fresh "0.5.0"
      merge-descriptors "1.0.1"
      methods "~1.1.2"
      on-finished "~2.3.0"
      parseurl "~1.3.1"
      path-to-regexp "0.1.7"
      proxy-addr "~1.1.3"
      qs "6.4.0"
      range-parser "~1.2.0"
      send "0.15.1"
      serve-static "1.12.1"
      setprototypeof "1.0.3"
      statuses "~1.3.1"
      type-is "~1.6.14"
      utils-merge "1.0.0"
      vary "~1.1.0"
  
  extend@^3.0.0:
    version "3.0.0"
    resolved "http://r.cnpmjs.org/extend/download/extend-3.0.0.tgz#5a474353b9f3353ddd8176dfd37b91c83a46f1d4"
  
  extglob@^0.3.1:
    version "0.3.2"
    resolved "http://r.cnpmjs.org/extglob/download/extglob-0.3.2.tgz#2e18ff3d2f49ab2765cec9023f011daa8d8349a1"
    dependencies:
      is-extglob "^1.0.0"
  
  fancy-log@^1.1.0:
    version "1.3.0"
    resolved "http://r.cnpmjs.org/fancy-log/download/fancy-log-1.3.0.tgz#45be17d02bb9917d60ccffd4995c999e6c8c9948"
    dependencies:
      chalk "^1.1.1"
      time-stamp "^1.0.0"
  
  filename-regex@^2.0.0:
    version "2.0.0"
    resolved "http://r.cnpmjs.org/filename-regex/download/filename-regex-2.0.0.tgz#996e3e80479b98b9897f15a8a58b3d084e926775"
  
  fill-range@^2.1.0:
    version "2.2.3"
    resolved "http://r.cnpmjs.org/fill-range/download/fill-range-2.2.3.tgz#50b77dfd7e469bc7492470963699fe7a8485a723"
    dependencies:
      is-number "^2.1.0"
      isobject "^2.0.0"
      randomatic "^1.1.3"
      repeat-element "^1.1.2"
      repeat-string "^1.5.2"
  
  finalhandler@~1.0.0:
    version "1.0.1"
    resolved "http://r.cnpmjs.org/finalhandler/download/finalhandler-1.0.1.tgz#bcd15d1689c0e5ed729b6f7f541a6df984117db8"
    dependencies:
      debug "2.6.3"
      encodeurl "~1.0.1"
      escape-html "~1.0.3"
      on-finished "~2.3.0"
      parseurl "~1.3.1"
      statuses "~1.3.1"
      unpipe "~1.0.0"
  
  find-index@^0.1.1:
    version "0.1.1"
    resolved "http://r.cnpmjs.org/find-index/download/find-index-0.1.1.tgz#675d358b2ca3892d795a1ab47232f8b6e2e0dde4"
  
  findup-sync@^0.4.2:
    version "0.4.3"
    resolved "http://r.cnpmjs.org/findup-sync/download/findup-sync-0.4.3.tgz#40043929e7bc60adf0b7f4827c4c6e75a0deca12"
    dependencies:
      detect-file "^0.1.0"
      is-glob "^2.0.1"
      micromatch "^2.3.7"
      resolve-dir "^0.1.0"
  
  fined@^1.0.1:
    version "1.0.2"
    resolved "http://r.cnpmjs.org/fined/download/fined-1.0.2.tgz#5b28424b760d7598960b7ef8480dff8ad3660e97"
    dependencies:
      expand-tilde "^1.2.1"
      lodash.assignwith "^4.0.7"
      lodash.isempty "^4.2.1"
      lodash.isplainobject "^4.0.4"
      lodash.isstring "^4.0.1"
      lodash.pick "^4.2.1"
      parse-filepath "^1.0.1"
  
  first-chunk-stream@^1.0.0:
    version "1.0.0"
    resolved "http://r.cnpmjs.org/first-chunk-stream/download/first-chunk-stream-1.0.0.tgz#59bfb50cd905f60d7c394cd3d9acaab4e6ad934e"
  
  flagged-respawn@^0.3.2:
    version "0.3.2"
    resolved "http://r.cnpmjs.org/flagged-respawn/download/flagged-respawn-0.3.2.tgz#ff191eddcd7088a675b2610fffc976be9b8074b5"
  
  for-in@^1.0.1:
    version "1.0.2"
    resolved "http://r.cnpmjs.org/for-in/download/for-in-1.0.2.tgz#81068d295a8142ec0ac726c6e2200c30fb6d5e80"
  
  for-own@^0.1.4:
    version "0.1.5"
    resolved "http://r.cnpmjs.org/for-own/download/for-own-0.1.5.tgz#5265c681a4f294dabbf17c9509b6763aa84510ce"
    dependencies:
      for-in "^1.0.1"
  
  forwarded@~0.1.0:
    version "0.1.0"
    resolved "http://r.cnpmjs.org/forwarded/download/forwarded-0.1.0.tgz#19ef9874c4ae1c297bcf078fde63a09b66a84363"
  
  fresh@0.5.0:
    version "0.5.0"
    resolved "http://r.cnpmjs.org/fresh/download/fresh-0.5.0.tgz#f474ca5e6a9246d6fd8e0953cfa9b9c805afa78e"
  
  fs-exists-sync@^0.1.0:
    version "0.1.0"
    resolved "http://r.cnpmjs.org/fs-exists-sync/download/fs-exists-sync-0.1.0.tgz#982d6893af918e72d08dec9e8673ff2b5a8d6add"
  
  gaze@^0.5.1:
    version "0.5.2"
    resolved "http://r.cnpmjs.org/gaze/download/gaze-0.5.2.tgz#40b709537d24d1d45767db5a908689dfe69ac44f"
    dependencies:
      globule "~0.1.0"
  
  glob-base@^0.3.0:
    version "0.3.0"
    resolved "http://r.cnpmjs.org/glob-base/download/glob-base-0.3.0.tgz#dbb164f6221b1c0b1ccf82aea328b497df0ea3c4"
    dependencies:
      glob-parent "^2.0.0"
      is-glob "^2.0.0"
  
  glob-parent@^2.0.0:
    version "2.0.0"
    resolved "http://r.cnpmjs.org/glob-parent/download/glob-parent-2.0.0.tgz#81383d72db054fcccf5336daa902f182f6edbb28"
    dependencies:
      is-glob "^2.0.0"
  
  glob-stream@^3.1.5:
    version "3.1.18"
    resolved "http://r.cnpmjs.org/glob-stream/download/glob-stream-3.1.18.tgz#9170a5f12b790306fdfe598f313f8f7954fd143b"
    dependencies:
      glob "^4.3.1"
      glob2base "^0.0.12"
      minimatch "^2.0.1"
      ordered-read-streams "^0.1.0"
      through2 "^0.6.1"
      unique-stream "^1.0.0"
  
  glob-watcher@^0.0.6:
    version "0.0.6"
    resolved "http://r.cnpmjs.org/glob-watcher/download/glob-watcher-0.0.6.tgz#b95b4a8df74b39c83298b0c05c978b4d9a3b710b"
    dependencies:
      gaze "^0.5.1"
  
  glob2base@^0.0.12:
    version "0.0.12"
    resolved "http://r.cnpmjs.org/glob2base/download/glob2base-0.0.12.tgz#9d419b3e28f12e83a362164a277055922c9c0d56"
    dependencies:
      find-index "^0.1.1"
  
  glob@^4.3.1:
    version "4.5.3"
    resolved "http://r.cnpmjs.org/glob/download/glob-4.5.3.tgz#c6cb73d3226c1efef04de3c56d012f03377ee15f"
    dependencies:
      inflight "^1.0.4"
      inherits "2"
      minimatch "^2.0.1"
      once "^1.3.0"
  
  glob@~3.1.21:
    version "3.1.21"
    resolved "http://r.cnpmjs.org/glob/download/glob-3.1.21.tgz#d29e0a055dea5138f4d07ed40e8982e83c2066cd"
    dependencies:
      graceful-fs "~1.2.0"
      inherits "1"
      minimatch "~0.2.11"
  
  global-modules@^0.2.3:
    version "0.2.3"
    resolved "http://r.cnpmjs.org/global-modules/download/global-modules-0.2.3.tgz#ea5a3bed42c6d6ce995a4f8a1269b5dae223828d"
    dependencies:
      global-prefix "^0.1.4"
      is-windows "^0.2.0"
  
  global-prefix@^0.1.4:
    version "0.1.5"
    resolved "http://r.cnpmjs.org/global-prefix/download/global-prefix-0.1.5.tgz#8d3bc6b8da3ca8112a160d8d496ff0462bfef78f"
    dependencies:
      homedir-polyfill "^1.0.0"
      ini "^1.3.4"
      is-windows "^0.2.0"
      which "^1.2.12"
  
  globule@~0.1.0:
    version "0.1.0"
    resolved "http://r.cnpmjs.org/globule/download/globule-0.1.0.tgz#d9c8edde1da79d125a151b79533b978676346ae5"
    dependencies:
      glob "~3.1.21"
      lodash "~1.0.1"
      minimatch "~0.2.11"
  
  glogg@^1.0.0:
    version "1.0.0"
    resolved "http://r.cnpmjs.org/glogg/download/glogg-1.0.0.tgz#7fe0f199f57ac906cf512feead8f90ee4a284fc5"
    dependencies:
      sparkles "^1.0.0"
  
  graceful-fs@^3.0.0:
    version "3.0.11"
    resolved "http://r.cnpmjs.org/graceful-fs/download/graceful-fs-3.0.11.tgz#7613c778a1afea62f25c630a086d7f3acbbdd818"
    dependencies:
      natives "^1.1.0"
  
  graceful-fs@~1.2.0:
    version "1.2.3"
    resolved "http://r.cnpmjs.org/graceful-fs/download/graceful-fs-1.2.3.tgz#15a4806a57547cb2d2dbf27f42e89a8c3451b364"
  
  gulp-develop-server@^0.5.2:
    version "0.5.2"
    resolved "http://r.cnpmjs.org/gulp-develop-server/download/gulp-develop-server-0.5.2.tgz#20d1c9039e93f6a7c3c3cc84d557a9052c230cf4"
    dependencies:
      gulp-util "^3.0.3"
      lodash "^4.13.1"
  
  gulp-util@^3.0.0, gulp-util@^3.0.3:
    version "3.0.8"
    resolved "http://r.cnpmjs.org/gulp-util/download/gulp-util-3.0.8.tgz#0054e1e744502e27c04c187c3ecc505dd54bbb4f"
    dependencies:
      array-differ "^1.0.0"
      array-uniq "^1.0.2"
      beeper "^1.0.0"
      chalk "^1.0.0"
      dateformat "^2.0.0"
      fancy-log "^1.1.0"
      gulplog "^1.0.0"
      has-gulplog "^0.1.0"
      lodash._reescape "^3.0.0"
      lodash._reevaluate "^3.0.0"
      lodash._reinterpolate "^3.0.0"
      lodash.template "^3.0.0"
      minimist "^1.1.0"
      multipipe "^0.1.2"
      object-assign "^3.0.0"
      replace-ext "0.0.1"
      through2 "^2.0.0"
      vinyl "^0.5.0"
  
  gulp@^3.9.1:
    version "3.9.1"
    resolved "http://r.cnpmjs.org/gulp/download/gulp-3.9.1.tgz#571ce45928dd40af6514fc4011866016c13845b4"
    dependencies:
      archy "^1.0.0"
      chalk "^1.0.0"
      deprecated "^0.0.1"
      gulp-util "^3.0.0"
      interpret "^1.0.0"
      liftoff "^2.1.0"
      minimist "^1.1.0"
      orchestrator "^0.3.0"
      pretty-hrtime "^1.0.0"
      semver "^4.1.0"
      tildify "^1.0.0"
      v8flags "^2.0.2"
      vinyl-fs "^0.3.0"
  
  gulplog@^1.0.0:
    version "1.0.0"
    resolved "http://r.cnpmjs.org/gulplog/download/gulplog-1.0.0.tgz#e28c4d45d05ecbbed818363ce8f9c5926229ffe5"
    dependencies:
      glogg "^1.0.0"
  
  has-ansi@^2.0.0:
    version "2.0.0"
    resolved "http://r.cnpmjs.org/has-ansi/download/has-ansi-2.0.0.tgz#34f5049ce1ecdf2b0649af3ef24e45ed35416d91"
    dependencies:
      ansi-regex "^2.0.0"
  
  has-gulplog@^0.1.0:
    version "0.1.0"
    resolved "http://r.cnpmjs.org/has-gulplog/download/has-gulplog-0.1.0.tgz#6414c82913697da51590397dafb12f22967811ce"
    dependencies:
      sparkles "^1.0.0"
  
  homedir-polyfill@^1.0.0:
    version "1.0.1"
    resolved "http://r.cnpmjs.org/homedir-polyfill/download/homedir-polyfill-1.0.1.tgz#4c2bbc8a758998feebf5ed68580f76d46768b4bc"
    dependencies:
      parse-passwd "^1.0.0"
  
  http-errors@~1.6.1:
    version "1.6.1"
    resolved "http://r.cnpmjs.org/http-errors/download/http-errors-1.6.1.tgz#5f8b8ed98aca545656bf572997387f904a722257"
    dependencies:
      depd "1.1.0"
      inherits "2.0.3"
      setprototypeof "1.0.3"
      statuses ">= 1.3.1 < 2"
  
  iconv-lite@0.4.15:
    version "0.4.15"
    resolved "http://r.cnpmjs.org/iconv-lite/download/iconv-lite-0.4.15.tgz#fe265a218ac6a57cfe854927e9d04c19825eddeb"
  
  inflight@^1.0.4:
    version "1.0.6"
    resolved "http://r.cnpmjs.org/inflight/download/inflight-1.0.6.tgz#49bd6331d7d02d0c09bc910a1075ba8165b56df9"
    dependencies:
      once "^1.3.0"
      wrappy "1"
  
  inherits@1:
    version "1.0.2"
    resolved "http://r.cnpmjs.org/inherits/download/inherits-1.0.2.tgz#ca4309dadee6b54cc0b8d247e8d7c7a0975bdc9b"
  
  inherits@2, inherits@2.0.3, inherits@~2.0.1:
    version "2.0.3"
    resolved "http://r.cnpmjs.org/inherits/download/inherits-2.0.3.tgz#633c2c83e3da42a502f52466022480f4208261de"
  
  ini@^1.3.4:
    version "1.3.4"
    resolved "http://r.cnpmjs.org/ini/download/ini-1.3.4.tgz#0537cb79daf59b59a1a517dff706c86ec039162e"
  
  interpret@^1.0.0:
    version "1.0.2"
    resolved "http://r.cnpmjs.org/interpret/download/interpret-1.0.2.tgz#f4f623f0bb7122f15f5717c8e254b8161b5c5b2d"
  
  ipaddr.js@1.3.0:
    version "1.3.0"
    resolved "http://r.cnpmjs.org/ipaddr.js/download/ipaddr.js-1.3.0.tgz#1e03a52fdad83a8bbb2b25cbf4998b4cffcd3dec"
  
  is-absolute@^0.2.3:
    version "0.2.6"
    resolved "http://r.cnpmjs.org/is-absolute/download/is-absolute-0.2.6.tgz#20de69f3db942ef2d87b9c2da36f172235b1b5eb"
    dependencies:
      is-relative "^0.2.1"
      is-windows "^0.2.0"
  
  is-buffer@^1.0.2:
    version "1.1.5"
    resolved "http://r.cnpmjs.org/is-buffer/download/is-buffer-1.1.5.tgz#1f3b26ef613b214b88cbca23cc6c01d87961eecc"
  
  is-dotfile@^1.0.0:
    version "1.0.2"
    resolved "http://r.cnpmjs.org/is-dotfile/download/is-dotfile-1.0.2.tgz#2c132383f39199f8edc268ca01b9b007d205cc4d"
  
  is-equal-shallow@^0.1.3:
    version "0.1.3"
    resolved "http://r.cnpmjs.org/is-equal-shallow/download/is-equal-shallow-0.1.3.tgz#2238098fc221de0bcfa5d9eac4c45d638aa1c534"
    dependencies:
      is-primitive "^2.0.0"
  
  is-extendable@^0.1.1:
    version "0.1.1"
    resolved "http://r.cnpmjs.org/is-extendable/download/is-extendable-0.1.1.tgz#62b110e289a471418e3ec36a617d472e301dfc89"
  
  is-extglob@^1.0.0:
    version "1.0.0"
    resolved "http://r.cnpmjs.org/is-extglob/download/is-extglob-1.0.0.tgz#ac468177c4943405a092fc8f29760c6ffc6206c0"
  
  is-glob@^2.0.0, is-glob@^2.0.1:
    version "2.0.1"
    resolved "http://r.cnpmjs.org/is-glob/download/is-glob-2.0.1.tgz#d096f926a3ded5600f3fdfd91198cb0888c2d863"
    dependencies:
      is-extglob "^1.0.0"
  
  is-number@^2.0.2, is-number@^2.1.0:
    version "2.1.0"
    resolved "http://r.cnpmjs.org/is-number/download/is-number-2.1.0.tgz#01fcbbb393463a548f2f466cce16dece49db908f"
    dependencies:
      kind-of "^3.0.2"
  
  is-posix-bracket@^0.1.0:
    version "0.1.1"
    resolved "http://r.cnpmjs.org/is-posix-bracket/download/is-posix-bracket-0.1.1.tgz#3334dc79774368e92f016e6fbc0a88f5cd6e6bc4"
  
  is-primitive@^2.0.0:
    version "2.0.0"
    resolved "http://r.cnpmjs.org/is-primitive/download/is-primitive-2.0.0.tgz#207bab91638499c07b2adf240a41a87210034575"
  
  is-relative@^0.2.1:
    version "0.2.1"
    resolved "http://r.cnpmjs.org/is-relative/download/is-relative-0.2.1.tgz#d27f4c7d516d175fb610db84bbeef23c3bc97aa5"
    dependencies:
      is-unc-path "^0.1.1"
  
  is-unc-path@^0.1.1:
    version "0.1.2"
    resolved "http://r.cnpmjs.org/is-unc-path/download/is-unc-path-0.1.2.tgz#6ab053a72573c10250ff416a3814c35178af39b9"
    dependencies:
      unc-path-regex "^0.1.0"
  
  is-utf8@^0.2.0:
    version "0.2.1"
    resolved "http://r.cnpmjs.org/is-utf8/download/is-utf8-0.2.1.tgz#4b0da1442104d1b336340e80797e865cf39f7d72"
  
  is-windows@^0.2.0:
    version "0.2.0"
    resolved "http://r.cnpmjs.org/is-windows/download/is-windows-0.2.0.tgz#de1aa6d63ea29dd248737b69f1ff8b8002d2108c"
  
  isarray@0.0.1:
    version "0.0.1"
    resolved "http://r.cnpmjs.org/isarray/download/isarray-0.0.1.tgz#8a18acfca9a8f4177e09abfc6038939b05d1eedf"
  
  isarray@1.0.0, isarray@~1.0.0:
    version "1.0.0"
    resolved "http://r.cnpmjs.org/isarray/download/isarray-1.0.0.tgz#bb935d48582cba168c06834957a54a3e07124f11"
  
  isexe@^2.0.0:
    version "2.0.0"
    resolved "http://r.cnpmjs.org/isexe/download/isexe-2.0.0.tgz#e8fbf374dc556ff8947a10dcb0572d633f2cfa10"
  
  isobject@^2.0.0:
    version "2.1.0"
    resolved "http://r.cnpmjs.org/isobject/download/isobject-2.1.0.tgz#f065561096a3f1da2ef46272f815c840d87e0c89"
    dependencies:
      isarray "1.0.0"
  
  kind-of@^3.0.2:
    version "3.1.0"
    resolved "http://r.cnpmjs.org/kind-of/download/kind-of-3.1.0.tgz#475d698a5e49ff5e53d14e3e732429dc8bf4cf47"
    dependencies:
      is-buffer "^1.0.2"
  
  liftoff@^2.1.0:
    version "2.3.0"
    resolved "http://r.cnpmjs.org/liftoff/download/liftoff-2.3.0.tgz#a98f2ff67183d8ba7cfaca10548bd7ff0550b385"
    dependencies:
      extend "^3.0.0"
      findup-sync "^0.4.2"
      fined "^1.0.1"
      flagged-respawn "^0.3.2"
      lodash.isplainobject "^4.0.4"
      lodash.isstring "^4.0.1"
      lodash.mapvalues "^4.4.0"
      rechoir "^0.6.2"
      resolve "^1.1.7"
  
  lodash._basecopy@^3.0.0:
    version "3.0.1"
    resolved "http://r.cnpmjs.org/lodash._basecopy/download/lodash._basecopy-3.0.1.tgz#8da0e6a876cf344c0ad8a54882111dd3c5c7ca36"
  
  lodash._basetostring@^3.0.0:
    version "3.0.1"
    resolved "http://r.cnpmjs.org/lodash._basetostring/download/lodash._basetostring-3.0.1.tgz#d1861d877f824a52f669832dcaf3ee15566a07d5"
  
  lodash._basevalues@^3.0.0:
    version "3.0.0"
    resolved "http://r.cnpmjs.org/lodash._basevalues/download/lodash._basevalues-3.0.0.tgz#5b775762802bde3d3297503e26300820fdf661b7"
  
  lodash._getnative@^3.0.0:
    version "3.9.1"
    resolved "http://r.cnpmjs.org/lodash._getnative/download/lodash._getnative-3.9.1.tgz#570bc7dede46d61cdcde687d65d3eecbaa3aaff5"
  
  lodash._isiterateecall@^3.0.0:
    version "3.0.9"
    resolved "http://r.cnpmjs.org/lodash._isiterateecall/download/lodash._isiterateecall-3.0.9.tgz#5203ad7ba425fae842460e696db9cf3e6aac057c"
  
  lodash._reescape@^3.0.0:
    version "3.0.0"
    resolved "http://r.cnpmjs.org/lodash._reescape/download/lodash._reescape-3.0.0.tgz#2b1d6f5dfe07c8a355753e5f27fac7f1cde1616a"
  
  lodash._reevaluate@^3.0.0:
    version "3.0.0"
    resolved "http://r.cnpmjs.org/lodash._reevaluate/download/lodash._reevaluate-3.0.0.tgz#58bc74c40664953ae0b124d806996daca431e2ed"
  
  lodash._reinterpolate@^3.0.0:
    version "3.0.0"
    resolved "http://r.cnpmjs.org/lodash._reinterpolate/download/lodash._reinterpolate-3.0.0.tgz#0ccf2d89166af03b3663c796538b75ac6e114d9d"
  
  lodash._root@^3.0.0:
    version "3.0.1"
    resolved "http://r.cnpmjs.org/lodash._root/download/lodash._root-3.0.1.tgz#fba1c4524c19ee9a5f8136b4609f017cf4ded692"
  
  lodash.assignwith@^4.0.7:
    version "4.2.0"
    resolved "http://r.cnpmjs.org/lodash.assignwith/download/lodash.assignwith-4.2.0.tgz#127a97f02adc41751a954d24b0de17e100e038eb"
  
  lodash.escape@^3.0.0:
    version "3.2.0"
    resolved "http://r.cnpmjs.org/lodash.escape/download/lodash.escape-3.2.0.tgz#995ee0dc18c1b48cc92effae71a10aab5b487698"
    dependencies:
      lodash._root "^3.0.0"
  
  lodash.isarguments@^3.0.0:
    version "3.1.0"
    resolved "http://r.cnpmjs.org/lodash.isarguments/download/lodash.isarguments-3.1.0.tgz#2f573d85c6a24289ff00663b491c1d338ff3458a"
  
  lodash.isarray@^3.0.0:
    version "3.0.4"
    resolved "http://r.cnpmjs.org/lodash.isarray/download/lodash.isarray-3.0.4.tgz#79e4eb88c36a8122af86f844aa9bcd851b5fbb55"
  
  lodash.isempty@^4.2.1:
    version "4.4.0"
    resolved "http://r.cnpmjs.org/lodash.isempty/download/lodash.isempty-4.4.0.tgz#6f86cbedd8be4ec987be9aaf33c9684db1b31e7e"
  
  lodash.isplainobject@^4.0.4:
    version "4.0.6"
    resolved "http://r.cnpmjs.org/lodash.isplainobject/download/lodash.isplainobject-4.0.6.tgz#7c526a52d89b45c45cc690b88163be0497f550cb"
  
  lodash.isstring@^4.0.1:
    version "4.0.1"
    resolved "http://r.cnpmjs.org/lodash.isstring/download/lodash.isstring-4.0.1.tgz#d527dfb5456eca7cc9bb95d5daeaf88ba54a5451"
  
  lodash.keys@^3.0.0:
    version "3.1.2"
    resolved "http://r.cnpmjs.org/lodash.keys/download/lodash.keys-3.1.2.tgz#4dbc0472b156be50a0b286855d1bd0b0c656098a"
    dependencies:
      lodash._getnative "^3.0.0"
      lodash.isarguments "^3.0.0"
      lodash.isarray "^3.0.0"
  
  lodash.mapvalues@^4.4.0:
    version "4.6.0"
    resolved "http://r.cnpmjs.org/lodash.mapvalues/download/lodash.mapvalues-4.6.0.tgz#1bafa5005de9dd6f4f26668c30ca37230cc9689c"
  
  lodash.pick@^4.2.1:
    version "4.4.0"
    resolved "http://r.cnpmjs.org/lodash.pick/download/lodash.pick-4.4.0.tgz#52f05610fff9ded422611441ed1fc123a03001b3"
  
  lodash.restparam@^3.0.0:
    version "3.6.1"
    resolved "http://r.cnpmjs.org/lodash.restparam/download/lodash.restparam-3.6.1.tgz#936a4e309ef330a7645ed4145986c85ae5b20805"
  
  lodash.template@^3.0.0:
    version "3.6.2"
    resolved "http://r.cnpmjs.org/lodash.template/download/lodash.template-3.6.2.tgz#f8cdecc6169a255be9098ae8b0c53d378931d14f"
    dependencies:
      lodash._basecopy "^3.0.0"
      lodash._basetostring "^3.0.0"
      lodash._basevalues "^3.0.0"
      lodash._isiterateecall "^3.0.0"
      lodash._reinterpolate "^3.0.0"
      lodash.escape "^3.0.0"
      lodash.keys "^3.0.0"
      lodash.restparam "^3.0.0"
      lodash.templatesettings "^3.0.0"
  
  lodash.templatesettings@^3.0.0:
    version "3.1.1"
    resolved "http://r.cnpmjs.org/lodash.templatesettings/download/lodash.templatesettings-3.1.1.tgz#fb307844753b66b9f1afa54e262c745307dba8e5"
    dependencies:
      lodash._reinterpolate "^3.0.0"
      lodash.escape "^3.0.0"
  
  lodash@^4.13.1:
    version "4.17.4"
    resolved "http://r.cnpmjs.org/lodash/download/lodash-4.17.4.tgz#78203a4d1c328ae1d86dca6460e369b57f4055ae"
  
  lodash@~1.0.1:
    version "1.0.2"
    resolved "http://r.cnpmjs.org/lodash/download/lodash-1.0.2.tgz#8f57560c83b59fc270bd3d561b690043430e2551"
  
  lru-cache@2:
    version "2.7.3"
    resolved "http://r.cnpmjs.org/lru-cache/download/lru-cache-2.7.3.tgz#6d4524e8b955f95d4f5b58851ce21dd72fb4e952"
  
  map-cache@^0.2.0:
    version "0.2.2"
    resolved "http://r.cnpmjs.org/map-cache/download/map-cache-0.2.2.tgz#c32abd0bd6525d9b051645bb4f26ac5dc98a0dbf"
  
  media-typer@0.3.0:
    version "0.3.0"
    resolved "http://r.cnpmjs.org/media-typer/download/media-typer-0.3.0.tgz#8710d7af0aa626f8fffa1ce00168545263255748"
  
  merge-descriptors@1.0.1:
    version "1.0.1"
    resolved "http://r.cnpmjs.org/merge-descriptors/download/merge-descriptors-1.0.1.tgz#b00aaa556dd8b44568150ec9d1b953f3f90cbb61"
  
  methods@~1.1.2:
    version "1.1.2"
    resolved "http://r.cnpmjs.org/methods/download/methods-1.1.2.tgz#5529a4d67654134edcc5266656835b0f851afcee"
  
  micromatch@^2.3.7:
    version "2.3.11"
    resolved "http://r.cnpmjs.org/micromatch/download/micromatch-2.3.11.tgz#86677c97d1720b363431d04d0d15293bd38c1565"
    dependencies:
      arr-diff "^2.0.0"
      array-unique "^0.2.1"
      braces "^1.8.2"
      expand-brackets "^0.1.4"
      extglob "^0.3.1"
      filename-regex "^2.0.0"
      is-extglob "^1.0.0"
      is-glob "^2.0.1"
      kind-of "^3.0.2"
      normalize-path "^2.0.1"
      object.omit "^2.0.0"
      parse-glob "^3.0.4"
      regex-cache "^0.4.2"
  
  mime-db@~1.27.0:
    version "1.27.0"
    resolved "http://r.cnpmjs.org/mime-db/download/mime-db-1.27.0.tgz#820f572296bbd20ec25ed55e5b5de869e5436eb1"
  
  mime-types@~2.1.11, mime-types@~2.1.15:
    version "2.1.15"
    resolved "http://r.cnpmjs.org/mime-types/download/mime-types-2.1.15.tgz#a4ebf5064094569237b8cf70046776d09fc92aed"
    dependencies:
      mime-db "~1.27.0"
  
  mime@1.3.4:
    version "1.3.4"
    resolved "http://r.cnpmjs.org/mime/download/mime-1.3.4.tgz#115f9e3b6b3daf2959983cb38f149a2d40eb5d53"
  
  minimatch@^2.0.1:
    version "2.0.10"
    resolved "http://r.cnpmjs.org/minimatch/download/minimatch-2.0.10.tgz#8d087c39c6b38c001b97fca7ce6d0e1e80afbac7"
    dependencies:
      brace-expansion "^1.0.0"
  
  minimatch@~0.2.11:
    version "0.2.14"
    resolved "http://r.cnpmjs.org/minimatch/download/minimatch-0.2.14.tgz#c74e780574f63c6f9a090e90efbe6ef53a6a756a"
    dependencies:
      lru-cache "2"
      sigmund "~1.0.0"
  
  minimist@0.0.8:
    version "0.0.8"
    resolved "http://r.cnpmjs.org/minimist/download/minimist-0.0.8.tgz#857fcabfc3397d2625b8228262e86aa7a011b05d"
  
  minimist@^1.1.0:
    version "1.2.0"
    resolved "http://r.cnpmjs.org/minimist/download/minimist-1.2.0.tgz#a35008b20f41383eec1fb914f4cd5df79a264284"
  
  mkdirp@^0.5.0:
    version "0.5.1"
    resolved "http://r.cnpmjs.org/mkdirp/download/mkdirp-0.5.1.tgz#30057438eac6cf7f8c4767f38648d6697d75c903"
    dependencies:
      minimist "0.0.8"
  
  ms@0.7.2:
    version "0.7.2"
    resolved "http://r.cnpmjs.org/ms/download/ms-0.7.2.tgz#ae25cf2512b3885a1d95d7f037868d8431124765"
  
  multipipe@^0.1.2:
    version "0.1.2"
    resolved "http://r.cnpmjs.org/multipipe/download/multipipe-0.1.2.tgz#2a8f2ddf70eed564dff2d57f1e1a137d9f05078b"
    dependencies:
      duplexer2 "0.0.2"
  
  natives@^1.1.0:
    version "1.1.0"
    resolved "http://r.cnpmjs.org/natives/download/natives-1.1.0.tgz#e9ff841418a6b2ec7a495e939984f78f163e6e31"
  
  negotiator@0.6.1:
    version "0.6.1"
    resolved "http://r.cnpmjs.org/negotiator/download/negotiator-0.6.1.tgz#2b327184e8992101177b28563fb5e7102acd0ca9"
  
  normalize-path@^2.0.1:
    version "2.1.1"
    resolved "http://r.cnpmjs.org/normalize-path/download/normalize-path-2.1.1.tgz#1ab28b556e198363a8c1a6f7e6fa20137fe6aed9"
    dependencies:
      remove-trailing-separator "^1.0.1"
  
  object-assign@^3.0.0:
    version "3.0.0"
    resolved "http://r.cnpmjs.org/object-assign/download/object-assign-3.0.0.tgz#9bedd5ca0897949bca47e7ff408062d549f587f2"
  
  object-assign@^4:
    version "4.1.1"
    resolved "http://r.cnpmjs.org/object-assign/download/object-assign-4.1.1.tgz#2109adc7965887cfc05cbbd442cac8bfbb360863"
  
  object.omit@^2.0.0:
    version "2.0.1"
    resolved "http://r.cnpmjs.org/object.omit/download/object.omit-2.0.1.tgz#1a9c744829f39dbb858c76ca3579ae2a54ebd1fa"
    dependencies:
      for-own "^0.1.4"
      is-extendable "^0.1.1"
  
  on-finished@~2.3.0:
    version "2.3.0"
    resolved "http://r.cnpmjs.org/on-finished/download/on-finished-2.3.0.tgz#20f1336481b083cd75337992a16971aa2d906947"
    dependencies:
      ee-first "1.1.1"
  
  on-headers@~1.0.1:
    version "1.0.1"
    resolved "http://r.cnpmjs.org/on-headers/download/on-headers-1.0.1.tgz#928f5d0f470d49342651ea6794b0857c100693f7"
  
  once@^1.3.0, once@~1.3.0:
    version "1.3.3"
    resolved "http://r.cnpmjs.org/once/download/once-1.3.3.tgz#b2e261557ce4c314ec8304f3fa82663e4297ca20"
    dependencies:
      wrappy "1"
  
  orchestrator@^0.3.0:
    version "0.3.8"
    resolved "http://r.cnpmjs.org/orchestrator/download/orchestrator-0.3.8.tgz#14e7e9e2764f7315fbac184e506c7aa6df94ad7e"
    dependencies:
      end-of-stream "~0.1.5"
      sequencify "~0.0.7"
      stream-consume "~0.1.0"
  
  ordered-read-streams@^0.1.0:
    version "0.1.0"
    resolved "http://r.cnpmjs.org/ordered-read-streams/download/ordered-read-streams-0.1.0.tgz#fd565a9af8eb4473ba69b6ed8a34352cb552f126"
  
  os-homedir@^1.0.0, os-homedir@^1.0.1:
    version "1.0.2"
    resolved "http://r.cnpmjs.org/os-homedir/download/os-homedir-1.0.2.tgz#ffbc4988336e0e833de0c168c7ef152121aa7fb3"
  
  parse-filepath@^1.0.1:
    version "1.0.1"
    resolved "http://r.cnpmjs.org/parse-filepath/download/parse-filepath-1.0.1.tgz#159d6155d43904d16c10ef698911da1e91969b73"
    dependencies:
      is-absolute "^0.2.3"
      map-cache "^0.2.0"
      path-root "^0.1.1"
  
  parse-glob@^3.0.4:
    version "3.0.4"
    resolved "http://r.cnpmjs.org/parse-glob/download/parse-glob-3.0.4.tgz#b2c376cfb11f35513badd173ef0bb6e3a388391c"
    dependencies:
      glob-base "^0.3.0"
      is-dotfile "^1.0.0"
      is-extglob "^1.0.0"
      is-glob "^2.0.0"
  
  parse-passwd@^1.0.0:
    version "1.0.0"
    resolved "http://r.cnpmjs.org/parse-passwd/download/parse-passwd-1.0.0.tgz#6d5b934a456993b23d37f40a382d6f1666a8e5c6"
  
  parseurl@~1.3.1:
    version "1.3.1"
    resolved "http://r.cnpmjs.org/parseurl/download/parseurl-1.3.1.tgz#c8ab8c9223ba34888aa64a297b28853bec18da56"
  
  path-parse@^1.0.5:
    version "1.0.5"
    resolved "http://r.cnpmjs.org/path-parse/download/path-parse-1.0.5.tgz#3c1adf871ea9cd6c9431b6ea2bd74a0ff055c4c1"
  
  path-root-regex@^0.1.0:
    version "0.1.2"
    resolved "http://r.cnpmjs.org/path-root-regex/download/path-root-regex-0.1.2.tgz#bfccdc8df5b12dc52c8b43ec38d18d72c04ba96d"
  
  path-root@^0.1.1:
    version "0.1.1"
    resolved "http://r.cnpmjs.org/path-root/download/path-root-0.1.1.tgz#9a4a6814cac1c0cd73360a95f32083c8ea4745b7"
    dependencies:
      path-root-regex "^0.1.0"
  
  path-to-regexp@0.1.7:
    version "0.1.7"
    resolved "http://r.cnpmjs.org/path-to-regexp/download/path-to-regexp-0.1.7.tgz#df604178005f522f15eb4490e7247a1bfaa67f8c"
  
  preserve@^0.2.0:
    version "0.2.0"
    resolved "http://r.cnpmjs.org/preserve/download/preserve-0.2.0.tgz#815ed1f6ebc65926f865b310c0713bcb3315ce4b"
  
  pretty-hrtime@^1.0.0:
    version "1.0.3"
    resolved "http://r.cnpmjs.org/pretty-hrtime/download/pretty-hrtime-1.0.3.tgz#b7e3ea42435a4c9b2759d99e0f201eb195802ee1"
  
  process-nextick-args@~1.0.6:
    version "1.0.7"
    resolved "http://r.cnpmjs.org/process-nextick-args/download/process-nextick-args-1.0.7.tgz#150e20b756590ad3f91093f25a4f2ad8bff30ba3"
  
  proxy-addr@~1.1.3:
    version "1.1.4"
    resolved "http://r.cnpmjs.org/proxy-addr/download/proxy-addr-1.1.4.tgz#27e545f6960a44a627d9b44467e35c1b6b4ce2f3"
    dependencies:
      forwarded "~0.1.0"
      ipaddr.js "1.3.0"
  
  qs@6.4.0:
    version "6.4.0"
    resolved "http://r.cnpmjs.org/qs/download/qs-6.4.0.tgz#13e26d28ad6b0ffaa91312cd3bf708ed351e7233"
  
  random-bytes@~1.0.0:
    version "1.0.0"
    resolved "http://r.cnpmjs.org/random-bytes/download/random-bytes-1.0.0.tgz#4f68a1dc0ae58bd3fb95848c30324db75d64360b"
  
  randomatic@^1.1.3:
    version "1.1.6"
    resolved "http://r.cnpmjs.org/randomatic/download/randomatic-1.1.6.tgz#110dcabff397e9dcff7c0789ccc0a49adf1ec5bb"
    dependencies:
      is-number "^2.0.2"
      kind-of "^3.0.2"
  
  range-parser@~1.2.0:
    version "1.2.0"
    resolved "http://r.cnpmjs.org/range-parser/download/range-parser-1.2.0.tgz#f49be6b487894ddc40dcc94a322f611092e00d5e"
  
  raw-body@~2.2.0:
    version "2.2.0"
    resolved "http://r.cnpmjs.org/raw-body/download/raw-body-2.2.0.tgz#994976cf6a5096a41162840492f0bdc5d6e7fb96"
    dependencies:
      bytes "2.4.0"
      iconv-lite "0.4.15"
      unpipe "1.0.0"
  
  "readable-stream@>=1.0.33-1 <1.1.0-0":
    version "1.0.34"
    resolved "http://r.cnpmjs.org/readable-stream/download/readable-stream-1.0.34.tgz#125820e34bc842d2f2aaafafe4c2916ee32c157c"
    dependencies:
      core-util-is "~1.0.0"
      inherits "~2.0.1"
      isarray "0.0.1"
      string_decoder "~0.10.x"
  
  readable-stream@^2.1.5:
    version "2.2.9"
    resolved "http://r.cnpmjs.org/readable-stream/download/readable-stream-2.2.9.tgz#cf78ec6f4a6d1eb43d26488cac97f042e74b7fc8"
    dependencies:
      buffer-shims "~1.0.0"
      core-util-is "~1.0.0"
      inherits "~2.0.1"
      isarray "~1.0.0"
      process-nextick-args "~1.0.6"
      string_decoder "~1.0.0"
      util-deprecate "~1.0.1"
  
  readable-stream@~1.1.9:
    version "1.1.14"
    resolved "http://r.cnpmjs.org/readable-stream/download/readable-stream-1.1.14.tgz#7cf4c54ef648e3813084c636dd2079e166c081d9"
    dependencies:
      core-util-is "~1.0.0"
      inherits "~2.0.1"
      isarray "0.0.1"
      string_decoder "~0.10.x"
  
  rechoir@^0.6.2:
    version "0.6.2"
    resolved "http://r.cnpmjs.org/rechoir/download/rechoir-0.6.2.tgz#85204b54dba82d5742e28c96756ef43af50e3384"
    dependencies:
      resolve "^1.1.6"
  
  regex-cache@^0.4.2:
    version "0.4.3"
    resolved "http://r.cnpmjs.org/regex-cache/download/regex-cache-0.4.3.tgz#9b1a6c35d4d0dfcef5711ae651e8e9d3d7114145"
    dependencies:
      is-equal-shallow "^0.1.3"
      is-primitive "^2.0.0"
  
  remove-trailing-separator@^1.0.1:
    version "1.0.1"
    resolved "http://r.cnpmjs.org/remove-trailing-separator/download/remove-trailing-separator-1.0.1.tgz#615ebb96af559552d4bf4057c8436d486ab63cc4"
  
  repeat-element@^1.1.2:
    version "1.1.2"
    resolved "http://r.cnpmjs.org/repeat-element/download/repeat-element-1.1.2.tgz#ef089a178d1483baae4d93eb98b4f9e4e11d990a"
  
  repeat-string@^1.5.2:
    version "1.6.1"
    resolved "http://r.cnpmjs.org/repeat-string/download/repeat-string-1.6.1.tgz#8dcae470e1c88abc2d600fff4a776286da75e637"
  
  replace-ext@0.0.1:
    version "0.0.1"
    resolved "http://r.cnpmjs.org/replace-ext/download/replace-ext-0.0.1.tgz#29bbd92078a739f0bcce2b4ee41e837953522924"
  
  resolve-dir@^0.1.0:
    version "0.1.1"
    resolved "http://r.cnpmjs.org/resolve-dir/download/resolve-dir-0.1.1.tgz#b219259a5602fac5c5c496ad894a6e8cc430261e"
    dependencies:
      expand-tilde "^1.2.2"
      global-modules "^0.2.3"
  
  resolve@^1.1.6, resolve@^1.1.7:
    version "1.3.2"
    resolved "http://r.cnpmjs.org/resolve/download/resolve-1.3.2.tgz#1f0442c9e0cbb8136e87b9305f932f46c7f28235"
    dependencies:
      path-parse "^1.0.5"
  
  semver@^4.1.0:
    version "4.3.6"
    resolved "http://r.cnpmjs.org/semver/download/semver-4.3.6.tgz#300bc6e0e86374f7ba61068b5b1ecd57fc6532da"
  
  send@0.15.1:
    version "0.15.1"
    resolved "http://r.cnpmjs.org/send/download/send-0.15.1.tgz#8a02354c26e6f5cca700065f5f0cdeba90ec7b5f"
    dependencies:
      debug "2.6.1"
      depd "~1.1.0"
      destroy "~1.0.4"
      encodeurl "~1.0.1"
      escape-html "~1.0.3"
      etag "~1.8.0"
      fresh "0.5.0"
      http-errors "~1.6.1"
      mime "1.3.4"
      ms "0.7.2"
      on-finished "~2.3.0"
      range-parser "~1.2.0"
      statuses "~1.3.1"
  
  sequencify@~0.0.7:
    version "0.0.7"
    resolved "http://r.cnpmjs.org/sequencify/download/sequencify-0.0.7.tgz#90cff19d02e07027fd767f5ead3e7b95d1e7380c"
  
  serve-static@1.12.1:
    version "1.12.1"
    resolved "http://r.cnpmjs.org/serve-static/download/serve-static-1.12.1.tgz#7443a965e3ced647aceb5639fa06bf4d1bbe0039"
    dependencies:
      encodeurl "~1.0.1"
      escape-html "~1.0.3"
      parseurl "~1.3.1"
      send "0.15.1"
  
  setprototypeof@1.0.3:
    version "1.0.3"
    resolved "http://r.cnpmjs.org/setprototypeof/download/setprototypeof-1.0.3.tgz#66567e37043eeb4f04d91bd658c0cbefb55b8e04"
  
  sigmund@~1.0.0:
    version "1.0.1"
    resolved "http://r.cnpmjs.org/sigmund/download/sigmund-1.0.1.tgz#3ff21f198cad2175f9f3b781853fd94d0d19b590"
  
  sparkles@^1.0.0:
    version "1.0.0"
    resolved "http://r.cnpmjs.org/sparkles/download/sparkles-1.0.0.tgz#1acbbfb592436d10bbe8f785b7cc6f82815012c3"
  
  "statuses@>= 1.3.1 < 2", statuses@~1.3.1:
    version "1.3.1"
    resolved "http://r.cnpmjs.org/statuses/download/statuses-1.3.1.tgz#faf51b9eb74aaef3b3acf4ad5f61abf24cb7b93e"
  
  stream-consume@~0.1.0:
    version "0.1.0"
    resolved "http://r.cnpmjs.org/stream-consume/download/stream-consume-0.1.0.tgz#a41ead1a6d6081ceb79f65b061901b6d8f3d1d0f"
  
  string_decoder@~0.10.x:
    version "0.10.31"
    resolved "http://r.cnpmjs.org/string_decoder/download/string_decoder-0.10.31.tgz#62e203bc41766c6c28c9fc84301dab1c5310fa94"
  
  string_decoder@~1.0.0:
    version "1.0.0"
    resolved "http://r.cnpmjs.org/string_decoder/download/string_decoder-1.0.0.tgz#f06f41157b664d86069f84bdbdc9b0d8ab281667"
    dependencies:
      buffer-shims "~1.0.0"
  
  strip-ansi@^3.0.0:
    version "3.0.1"
    resolved "http://r.cnpmjs.org/strip-ansi/download/strip-ansi-3.0.1.tgz#6a385fb8853d952d5ff05d0e8aaf94278dc63dcf"
    dependencies:
      ansi-regex "^2.0.0"
  
  strip-bom@^1.0.0:
    version "1.0.0"
    resolved "http://r.cnpmjs.org/strip-bom/download/strip-bom-1.0.0.tgz#85b8862f3844b5a6d5ec8467a93598173a36f794"
    dependencies:
      first-chunk-stream "^1.0.0"
      is-utf8 "^0.2.0"
  
  supports-color@^2.0.0:
    version "2.0.0"
    resolved "http://r.cnpmjs.org/supports-color/download/supports-color-2.0.0.tgz#535d045ce6b6363fa40117084629995e9df324c7"
  
  through2@^0.6.1:
    version "0.6.5"
    resolved "http://r.cnpmjs.org/through2/download/through2-0.6.5.tgz#41ab9c67b29d57209071410e1d7a7a968cd3ad48"
    dependencies:
      readable-stream ">=1.0.33-1 <1.1.0-0"
      xtend ">=4.0.0 <4.1.0-0"
  
  through2@^2.0.0:
    version "2.0.3"
    resolved "http://r.cnpmjs.org/through2/download/through2-2.0.3.tgz#0004569b37c7c74ba39c43f3ced78d1ad94140be"
    dependencies:
      readable-stream "^2.1.5"
      xtend "~4.0.1"
  
  tildify@^1.0.0:
    version "1.2.0"
    resolved "http://r.cnpmjs.org/tildify/download/tildify-1.2.0.tgz#dcec03f55dca9b7aa3e5b04f21817eb56e63588a"
    dependencies:
      os-homedir "^1.0.0"
  
  time-stamp@^1.0.0:
    version "1.0.1"
    resolved "http://r.cnpmjs.org/time-stamp/download/time-stamp-1.0.1.tgz#9f4bd23559c9365966f3302dbba2b07c6b99b151"
  
  type-is@~1.6.14:
    version "1.6.15"
    resolved "http://r.cnpmjs.org/type-is/download/type-is-1.6.15.tgz#cab10fb4909e441c82842eafe1ad646c81804410"
    dependencies:
      media-typer "0.3.0"
      mime-types "~2.1.15"
  
  uid-safe@~2.1.4:
    version "2.1.4"
    resolved "http://r.cnpmjs.org/uid-safe/download/uid-safe-2.1.4.tgz#3ad6f38368c6d4c8c75ec17623fb79aa1d071d81"
    dependencies:
      random-bytes "~1.0.0"
  
  unc-path-regex@^0.1.0:
    version "0.1.2"
    resolved "http://r.cnpmjs.org/unc-path-regex/download/unc-path-regex-0.1.2.tgz#e73dd3d7b0d7c5ed86fbac6b0ae7d8c6a69d50fa"
  
  unique-stream@^1.0.0:
    version "1.0.0"
    resolved "http://r.cnpmjs.org/unique-stream/download/unique-stream-1.0.0.tgz#d59a4a75427447d9aa6c91e70263f8d26a4b104b"
  
  unpipe@1.0.0, unpipe@~1.0.0:
    version "1.0.0"
    resolved "http://r.cnpmjs.org/unpipe/download/unpipe-1.0.0.tgz#b2bf4ee8514aae6165b4817829d21b2ef49904ec"
  
  user-home@^1.1.1:
    version "1.1.1"
    resolved "http://r.cnpmjs.org/user-home/download/user-home-1.1.1.tgz#2b5be23a32b63a7c9deb8d0f28d485724a3df190"
  
  util-deprecate@~1.0.1:
    version "1.0.2"
    resolved "http://r.cnpmjs.org/util-deprecate/download/util-deprecate-1.0.2.tgz#450d4dc9fa70de732762fbd2d4a28981419a0ccf"
  
  utils-merge@1.0.0:
    version "1.0.0"
    resolved "http://r.cnpmjs.org/utils-merge/download/utils-merge-1.0.0.tgz#0294fb922bb9375153541c4f7096231f287c8af8"
  
  v8flags@^2.0.2:
    version "2.0.12"
    resolved "http://r.cnpmjs.org/v8flags/download/v8flags-2.0.12.tgz#73235d9f7176f8e8833fb286795445f7938d84e5"
    dependencies:
      user-home "^1.1.1"
  
  vary@^1, vary@~1.1.0:
    version "1.1.1"
    resolved "http://r.cnpmjs.org/vary/download/vary-1.1.1.tgz#67535ebb694c1d52257457984665323f587e8d37"
  
  vinyl-fs@^0.3.0:
    version "0.3.14"
    resolved "http://r.cnpmjs.org/vinyl-fs/download/vinyl-fs-0.3.14.tgz#9a6851ce1cac1c1cea5fe86c0931d620c2cfa9e6"
    dependencies:
      defaults "^1.0.0"
      glob-stream "^3.1.5"
      glob-watcher "^0.0.6"
      graceful-fs "^3.0.0"
      mkdirp "^0.5.0"
      strip-bom "^1.0.0"
      through2 "^0.6.1"
      vinyl "^0.4.0"
  
  vinyl@^0.4.0:
    version "0.4.6"
    resolved "http://r.cnpmjs.org/vinyl/download/vinyl-0.4.6.tgz#2f356c87a550a255461f36bbeb2a5ba8bf784847"
    dependencies:
      clone "^0.2.0"
      clone-stats "^0.0.1"
  
  vinyl@^0.5.0:
    version "0.5.3"
    resolved "http://r.cnpmjs.org/vinyl/download/vinyl-0.5.3.tgz#b0455b38fc5e0cf30d4325132e461970c2091cde"
    dependencies:
      clone "^1.0.0"
      clone-stats "^0.0.1"
      replace-ext "0.0.1"
  
  which@^1.2.12:
    version "1.2.14"
    resolved "http://r.cnpmjs.org/which/download/which-1.2.14.tgz#9a87c4378f03e827cecaf1acdf56c736c01c14e5"
    dependencies:
      isexe "^2.0.0"
  
  wrappy@1:
    version "1.0.2"
    resolved "http://r.cnpmjs.org/wrappy/download/wrappy-1.0.2.tgz#b5243d8f3ec1aa35f1364605bc0d1036e30ab69f"
  
  "xtend@>=4.0.0 <4.1.0-0", xtend@~4.0.1:
    version "4.0.1"
    resolved "http://r.cnpmjs.org/xtend/download/xtend-4.0.1.tgz#a5c6d532be656e23db820efb943a1f04998d63af"

Trace: 
  Error: connect ETIMEDOUT 47.88.240.14:80
      at Object.exports._errnoException (util.js:1022:11)
      at exports._exceptionWithHostPort (util.js:1045:20)
      at TCPConnectWrap.afterConnect [as oncomplete] (net.js:1087:14)
